<?xml version="1.0" encoding="UTF-8"?>
<!-- Generated by org.testng.reporters.JUnitReportReporter -->
<testsuite skipped="0" hostname="pc-PC" name="TestNG.Login" tests="2" failures="0" timestamp="2019-12-21T23:44:45 IST" time="12.330" errors="0">
  <testcase name="Checktitle" time="10.320" classname="TestNG.Login"/>
  <testcase name="Loginuser" time="2.010" classname="TestNG.Login"/>
</testsuite> <!-- TestNG.Login -->
