<?xml version="1.0" encoding="UTF-8"?>
<!-- Generated by org.testng.reporters.JUnitReportReporter -->
<testsuite skipped="0" hostname="pc-PC" name="TestNG.FirstDemo" tests="1" failures="0" timestamp="2019-12-21T23:44:45 IST" time="27.440" errors="0">
  <testcase name="Launch" time="27.440" classname="TestNG.FirstDemo"/>
</testsuite> <!-- TestNG.FirstDemo -->
