<?xml version="1.0" encoding="UTF-8"?>
<!-- Generated by org.testng.reporters.JUnitReportReporter -->
<testsuite skipped="0" hostname="pc-PC" name="TestNG.Dataprovidertest" tests="3" failures="0" timestamp="2019-12-22T21:04:48 IST" time="59.152" errors="0">
  <testcase name="loginFun" time="14.319" classname="TestNG.Dataprovidertest"/>
  <testcase name="loginFun" time="16.978" classname="TestNG.Dataprovidertest"/>
  <testcase name="loginFun" time="27.855" classname="TestNG.Dataprovidertest"/>
</testsuite> <!-- TestNG.Dataprovidertest -->
