<?xml version="1.0" encoding="UTF-8"?>
<!-- Generated by org.testng.reporters.JUnitReportReporter -->
<testsuite skipped="0" hostname="pc-PC" name="TestNG.Parametertest" tests="1" failures="0" timestamp="2019-12-21T23:01:33 IST" time="17.622" errors="0">
  <testcase name="Orangelogintest" time="17.622" classname="TestNG.Parametertest"/>
</testsuite> <!-- TestNG.Parametertest -->
