<?xml version="1.0" encoding="UTF-8"?>
<!-- Generated by org.testng.reporters.JUnitReportReporter -->
<testsuite skipped="0" hostname="pc-PC" name="TestNG.Halfebaytest" tests="3" failures="0" timestamp="2019-12-22T21:36:15 IST" time="16.485" errors="0">
  <testcase name="Ebaytest" time="3.788" classname="TestNG.Halfebaytest"/>
  <testcase name="Ebaytest" time="5.008" classname="TestNG.Halfebaytest"/>
  <testcase name="Ebaytest" time="7.689" classname="TestNG.Halfebaytest"/>
</testsuite> <!-- TestNG.Halfebaytest -->
