<?xml version="1.0" encoding="UTF-8"?>
<!-- Generated by org.testng.reporters.JUnitReportReporter -->
<testsuite skipped="0" hostname="pc-PC" name="TestNG.Hard_assertiondemo" tests="1" failures="0" timestamp="2019-12-24T01:12:38 IST" time="10.420" errors="0">
  <testcase name="Launch" time="10.420" classname="TestNG.Hard_assertiondemo"/>
</testsuite> <!-- TestNG.Hard_assertiondemo -->
