<?xml version="1.0" encoding="UTF-8"?>
<!-- Generated by org.testng.reporters.JUnitReportReporter -->
<testsuite skipped="0" hostname="pc-PC" name="TestNG.Dataproviderdemo" tests="4" failures="0" timestamp="2019-12-24T00:11:59 IST" time="34.145" errors="0">
  <testcase name="login" time="4.537" classname="TestNG.Dataproviderdemo"/>
  <testcase name="launchbrowser" time="20.466" classname="TestNG.Dataproviderdemo"/>
  <testcase name="login" time="4.113" classname="TestNG.Dataproviderdemo"/>
  <testcase name="login" time="5.029" classname="TestNG.Dataproviderdemo"/>
</testsuite> <!-- TestNG.Dataproviderdemo -->
