<?xml version="1.0" encoding="UTF-8"?>
<!-- Generated by org.testng.reporters.JUnitReportReporter -->
<testsuite skipped="0" hostname="pc-PC" name="TestNG.Testannotationdemo" tests="4" failures="0" timestamp="2019-12-21T23:44:45 IST" time="6.440" errors="0">
  <testcase name="Checktitle" time="0.030" classname="TestNG.Testannotationdemo"/>
  <testcase name="Url" time="0.021" classname="TestNG.Testannotationdemo"/>
  <testcase name="Search" time="1.200" classname="TestNG.Testannotationdemo"/>
  <testcase name="Annotations" time="5.189" classname="TestNG.Testannotationdemo"/>
</testsuite> <!-- TestNG.Testannotationdemo -->
