<?xml version="1.0" encoding="UTF-8"?>
<!-- Generated by org.testng.reporters.JUnitReportReporter -->
<testsuite skipped="0" hostname="pc-PC" name="TestNG.Soft_assertiondemo" tests="1" failures="0" timestamp="2019-12-22T22:46:57 IST" time="11.625" errors="0">
  <testcase name="Launch" time="11.625" classname="TestNG.Soft_assertiondemo"/>
</testsuite> <!-- TestNG.Soft_assertiondemo -->
