<?xml version="1.0" encoding="UTF-8"?>
<!-- Generated by org.testng.reporters.JUnitReportReporter -->
<testsuite skipped="0" hostname="pc-PC" name="TestG.Testannotationdemo" tests="4" failures="0" timestamp="2019-12-17T20:14:34 IST" time="15.077" errors="0">
  <testcase name="Search" time="2.634" classname="TestG.Testannotationdemo"/>
  <testcase name="Url" time="0.072" classname="TestG.Testannotationdemo"/>
  <testcase name="Checktitle" time="0.086" classname="TestG.Testannotationdemo"/>
  <testcase name="Annotations" time="12.285" classname="TestG.Testannotationdemo"/>
</testsuite> <!-- TestG.Testannotationdemo -->
